#
# There is insufficient memory for the Java Runtime Environment to continue.
# Native memory allocation (mmap) failed to map 65536 bytes for Failed to commit metaspace.
# Possible reasons:
#   The system is out of physical RAM or swap space
#   The process is running with CompressedOops enabled, and the Java Heap may be blocking the growth of the native heap
# Possible solutions:
#   Reduce memory load on the system
#   Increase physical memory or swap space
#   Check if swap backing store is full
#   Decrease Java heap size (-Xmx/-Xms)
#   Decrease number of Java threads
#   Decrease Java thread stack sizes (-Xss)
#   Set larger code cache with -XX:ReservedCodeCacheSize=
#   JVM is running with Unscaled Compressed Oops mode in which the Java heap is
#     placed in the first 4GB address space. The Java Heap base address is the
#     maximum limit for the native heap growth. Please use -XX:HeapBaseMinAddress
#     to set the Java Heap base and to place the Java Heap above 4GB virtual address.
# This output file may be truncated or incomplete.
#
#  Out of Memory Error (virtualSpaceNode.cpp:110), pid=8884, tid=7972
#
# JRE version: OpenJDK Runtime Environment Corretto-17.0.6.10.1 (17.0.6+10) (build 17.0.6+10-LTS)
# Java VM: OpenJDK 64-Bit Server VM Corretto-17.0.6.10.1 (17.0.6+10-LTS, mixed mode, sharing, tiered, compressed oops, compressed class ptrs, g1 gc, windows-amd64)
# No core dump will be written. Minidumps are not enabled by default on client versions of Windows
#

---------------  S U M M A R Y ------------

Command Line: -Dmaven.multiModuleProjectDirectory=D:\usuarios\alumno\Proyecto Final\ProyectoFinalRamosMaria\ProyectoFinalRamosMaria\BackEnd org.apache.maven.wrapper.MavenWrapperMain -Dmaven.ext.class.path=C:\Program Files\NetBeans-17\netbeans\java\maven-nblib\netbeans-eventspy.jar -Dfile.encoding=UTF-8 --no-transfer-progress clean install

Host: Intel(R) Celeron(R) CPU  N3060  @ 1.60GHz, 2 cores, 3G,  Windows 10 , 64 bit Build 19041 (10.0.19041.2788)
Time: Tue May  2 00:39:05 2023 Hora estándar de Argentina elapsed time: 2.302178 seconds (0d 0h 0m 2s)

---------------  T H R E A D  ---------------

Current thread (0x000002e53ea725e0):  JavaThread "C1 CompilerThread0" daemon [_thread_in_vm, id=7972, stack(0x000000ed52400000,0x000000ed52500000)]


Current CompileTask:
C1:   2302  177       3       java.util.zip.ZipCoder$UTF8ZipCoder::checkedHash (91 bytes)

Stack: [0x000000ed52400000,0x000000ed52500000]
Native frames: (J=compiled Java code, j=interpreted, Vv=VM code, C=native code)
V  [jvm.dll+0x64b39a]
V  [jvm.dll+0x7ff044]
V  [jvm.dll+0x8007fe]
V  [jvm.dll+0x800e53]
V  [jvm.dll+0x235848]
V  [jvm.dll+0x7fb10b]
V  [jvm.dll+0x5f23a6]
V  [jvm.dll+0x5f240a]
V  [jvm.dll+0x5f4b28]
V  [jvm.dll+0x5f2d5d]
V  [jvm.dll+0x60344a]
V  [jvm.dll+0x5fc47a]
V  [jvm.dll+0x1c072f]
V  [jvm.dll+0x1c08be]
V  [jvm.dll+0x12d20e]
V  [jvm.dll+0x12d535]
V  [jvm.dll+0x12c925]
V  [jvm.dll+0x12e646]
V  [jvm.dll+0x2185dd]
V  [jvm.dll+0x216824]
V  [jvm.dll+0x7b77bb]
V  [jvm.dll+0x7b1d6a]
V  [jvm.dll+0x64a265]
C  [ucrtbase.dll+0x21bb2]
C  [KERNEL32.DLL+0x17604]
C  [ntdll.dll+0x526a1]


---------------  P R O C E S S  ---------------

Threads class SMR info:
_java_thread_list=0x000002e53f5421d0, length=12, elements={
0x000002e521a39dc0, 0x000002e521ae9aa0, 0x000002e521aeb330, 0x000002e521b00f70,
0x000002e521b01b20, 0x000002e521b045e0, 0x000002e521b05eb0, 0x000002e521b06b50,
0x000002e53ea725e0, 0x000002e53ea782c0, 0x000002e53f55edd0, 0x000002e53f56bb20
}

Java Threads: ( => current thread )
  0x000002e521a39dc0 JavaThread "main" [_thread_in_vm, id=7848, stack(0x000000ed51600000,0x000000ed51700000)]
  0x000002e521ae9aa0 JavaThread "Reference Handler" daemon [_thread_blocked, id=2988, stack(0x000000ed51d00000,0x000000ed51e00000)]
  0x000002e521aeb330 JavaThread "Finalizer" daemon [_thread_blocked, id=792, stack(0x000000ed51e00000,0x000000ed51f00000)]
  0x000002e521b00f70 JavaThread "Signal Dispatcher" daemon [_thread_blocked, id=11120, stack(0x000000ed51f00000,0x000000ed52000000)]
  0x000002e521b01b20 JavaThread "Attach Listener" daemon [_thread_blocked, id=2644, stack(0x000000ed52000000,0x000000ed52100000)]
  0x000002e521b045e0 JavaThread "Service Thread" daemon [_thread_blocked, id=2552, stack(0x000000ed52100000,0x000000ed52200000)]
  0x000002e521b05eb0 JavaThread "Monitor Deflation Thread" daemon [_thread_blocked, id=12200, stack(0x000000ed52200000,0x000000ed52300000)]
  0x000002e521b06b50 JavaThread "C2 CompilerThread0" daemon [_thread_blocked, id=8472, stack(0x000000ed52300000,0x000000ed52400000)]
=>0x000002e53ea725e0 JavaThread "C1 CompilerThread0" daemon [_thread_in_vm, id=7972, stack(0x000000ed52400000,0x000000ed52500000)]
  0x000002e53ea782c0 JavaThread "Sweeper thread" daemon [_thread_blocked, id=1516, stack(0x000000ed52500000,0x000000ed52600000)]
  0x000002e53f55edd0 JavaThread "Notification Thread" daemon [_thread_blocked, id=6996, stack(0x000000ed52600000,0x000000ed52700000)]
  0x000002e53f56bb20 JavaThread "Common-Cleaner" daemon [_thread_blocked, id=8832, stack(0x000000ed52800000,0x000000ed52900000)]

Other Threads:
  0x000002e521ae2e30 VMThread "VM Thread" [stack: 0x000000ed51c00000,0x000000ed51d00000] [id=5640] _threads_hazard_ptr=0x000002e53f5421d0
  0x000002e53f5612b0 WatcherThread [stack: 0x000000ed52700000,0x000000ed52800000] [id=7108]
  0x000002e521a72f80 GCTaskThread "GC Thread#0" [stack: 0x000000ed51700000,0x000000ed51800000] [id=13276]
  0x000002e521a7bc00 ConcurrentGCThread "G1 Main Marker" [stack: 0x000000ed51800000,0x000000ed51900000] [id=12740]
  0x000002e521a7c610 ConcurrentGCThread "G1 Conc#0" [stack: 0x000000ed51900000,0x000000ed51a00000] [id=10156]
  0x000002e521ac0f30 ConcurrentGCThread "G1 Refine#0" [stack: 0x000000ed51a00000,0x000000ed51b00000] [id=8700]
  0x000002e521ac1950 ConcurrentGCThread "G1 Service" [stack: 0x000000ed51b00000,0x000000ed51c00000] [id=5528]

Threads with active compile tasks:
C1 CompilerThread0     2447  177       3       java.util.zip.ZipCoder$UTF8ZipCoder::checkedHash (91 bytes)

VM state: synchronizing (normal execution)

VM Mutex/Monitor currently owned by a thread:  ([mutex/lock_event])
[0x000002e5218f5ec0] Metaspace_lock - owner thread: 0x000002e53ea725e0
[0x000002e521a38640] Threads_lock - owner thread: 0x000002e521ae2e30
[0x000002e521a38130] MethodData_lock - owner thread: 0x000002e53ea725e0

Heap address: 0x00000000c1600000, size: 1002 MB, Compressed Oops mode: 32-bit

CDS archive(s) mapped at: [0x0000000800000000-0x0000000800bc0000-0x0000000800bc0000), size 12320768, SharedBaseAddress: 0x0000000800000000, ArchiveRelocationMode: 0.
Compressed class space mapped at: 0x0000000800c00000-0x0000000840c00000, reserved size: 1073741824
Narrow klass base: 0x0000000800000000, Narrow klass shift: 0, Narrow klass range: 0x100000000

GC Precious Log:
 CPUs: 2 total, 2 available
 Memory: 4000M
 Large Page Support: Disabled
 NUMA Support: Disabled
 Compressed Oops: Enabled (32-bit)
 Heap Region Size: 1M
 Heap Min Capacity: 8M
 Heap Initial Capacity: 64M
 Heap Max Capacity: 1002M
 Pre-touch: Disabled
 Parallel Workers: 2
 Concurrent Workers: 1
 Concurrent Refinement Workers: 2
 Periodic GC: Disabled

Heap:
 garbage-first heap   total 65536K, used 1024K [0x00000000c1600000, 0x0000000100000000)
  region size 1024K, 2 young (2048K), 0 survivors (0K)
 Metaspace       used 834K, committed 896K, reserved 1056768K
  class space    used 78K, committed 128K, reserved 1048576K

Heap Regions: E=young(eden), S=young(survivor), O=old, HS=humongous(starts), HC=humongous(continues), CS=collection set, F=free, OA=open archive, CA=closed archive, TAMS=top-at-mark-start (previous, next)
|   0|0x00000000c1600000, 0x00000000c1600000, 0x00000000c1700000|  0%| F|  |TAMS 0x00000000c1600000, 0x00000000c1600000| Untracked 
|   1|0x00000000c1700000, 0x00000000c1700000, 0x00000000c1800000|  0%| F|  |TAMS 0x00000000c1700000, 0x00000000c1700000| Untracked 
|   2|0x00000000c1800000, 0x00000000c1800000, 0x00000000c1900000|  0%| F|  |TAMS 0x00000000c1800000, 0x00000000c1800000| Untracked 
|   3|0x00000000c1900000, 0x00000000c1900000, 0x00000000c1a00000|  0%| F|  |TAMS 0x00000000c1900000, 0x00000000c1900000| Untracked 
|   4|0x00000000c1a00000, 0x00000000c1a00000, 0x00000000c1b00000|  0%| F|  |TAMS 0x00000000c1a00000, 0x00000000c1a00000| Untracked 
|   5|0x00000000c1b00000, 0x00000000c1b00000, 0x00000000c1c00000|  0%| F|  |TAMS 0x00000000c1b00000, 0x00000000c1b00000| Untracked 
|   6|0x00000000c1c00000, 0x00000000c1c00000, 0x00000000c1d00000|  0%| F|  |TAMS 0x00000000c1c00000, 0x00000000c1c00000| Untracked 
|   7|0x00000000c1d00000, 0x00000000c1d00000, 0x00000000c1e00000|  0%| F|  |TAMS 0x00000000c1d00000, 0x00000000c1d00000| Untracked 
|   8|0x00000000c1e00000, 0x00000000c1e00000, 0x00000000c1f00000|  0%| F|  |TAMS 0x00000000c1e00000, 0x00000000c1e00000| Untracked 
|   9|0x00000000c1f00000, 0x00000000c1f00000, 0x00000000c2000000|  0%| F|  |TAMS 0x00000000c1f00000, 0x00000000c1f00000| Untracked 
|  10|0x00000000c2000000, 0x00000000c2000000, 0x00000000c2100000|  0%| F|  |TAMS 0x00000000c2000000, 0x00000000c2000000| Untracked 
|  11|0x00000000c2100000, 0x00000000c2100000, 0x00000000c2200000|  0%| F|  |TAMS 0x00000000c2100000, 0x00000000c2100000| Untracked 
|  12|0x00000000c2200000, 0x00000000c2200000, 0x00000000c2300000|  0%| F|  |TAMS 0x00000000c2200000, 0x00000000c2200000| Untracked 
|  13|0x00000000c2300000, 0x00000000c2300000, 0x00000000c2400000|  0%| F|  |TAMS 0x00000000c2300000, 0x00000000c2300000| Untracked 
|  14|0x00000000c2400000, 0x00000000c2400000, 0x00000000c2500000|  0%| F|  |TAMS 0x00000000c2400000, 0x00000000c2400000| Untracked 
|  15|0x00000000c2500000, 0x00000000c2500000, 0x00000000c2600000|  0%| F|  |TAMS 0x00000000c2500000, 0x00000000c2500000| Untracked 
|  16|0x00000000c2600000, 0x00000000c2600000, 0x00000000c2700000|  0%| F|  |TAMS 0x00000000c2600000, 0x00000000c2600000| Untracked 
|  17|0x00000000c2700000, 0x00000000c2700000, 0x00000000c2800000|  0%| F|  |TAMS 0x00000000c2700000, 0x00000000c2700000| Untracked 
|  18|0x00000000c2800000, 0x00000000c2800000, 0x00000000c2900000|  0%| F|  |TAMS 0x00000000c2800000, 0x00000000c2800000| Untracked 
|  19|0x00000000c2900000, 0x00000000c2900000, 0x00000000c2a00000|  0%| F|  |TAMS 0x00000000c2900000, 0x00000000c2900000| Untracked 
|  20|0x00000000c2a00000, 0x00000000c2a00000, 0x00000000c2b00000|  0%| F|  |TAMS 0x00000000c2a00000, 0x00000000c2a00000| Untracked 
|  21|0x00000000c2b00000, 0x00000000c2b00000, 0x00000000c2c00000|  0%| F|  |TAMS 0x00000000c2b00000, 0x00000000c2b00000| Untracked 
|  22|0x00000000c2c00000, 0x00000000c2c00000, 0x00000000c2d00000|  0%| F|  |TAMS 0x00000000c2c00000, 0x00000000c2c00000| Untracked 
|  23|0x00000000c2d00000, 0x00000000c2d00000, 0x00000000c2e00000|  0%| F|  |TAMS 0x00000000c2d00000, 0x00000000c2d00000| Untracked 
|  24|0x00000000c2e00000, 0x00000000c2e00000, 0x00000000c2f00000|  0%| F|  |TAMS 0x00000000c2e00000, 0x00000000c2e00000| Untracked 
|  25|0x00000000c2f00000, 0x00000000c2f00000, 0x00000000c3000000|  0%| F|  |TAMS 0x00000000c2f00000, 0x00000000c2f00000| Untracked 
|  26|0x00000000c3000000, 0x00000000c3000000, 0x00000000c3100000|  0%| F|  |TAMS 0x00000000c3000000, 0x00000000c3000000| Untracked 
|  27|0x00000000c3100000, 0x00000000c3100000, 0x00000000c3200000|  0%| F|  |TAMS 0x00000000c3100000, 0x00000000c3100000| Untracked 
|  28|0x00000000c3200000, 0x00000000c3200000, 0x00000000c3300000|  0%| F|  |TAMS 0x00000000c3200000, 0x00000000c3200000| Untracked 
|  29|0x00000000c3300000, 0x00000000c3300000, 0x00000000c3400000|  0%| F|  |TAMS 0x00000000c3300000, 0x00000000c3300000| Untracked 
|  30|0x00000000c3400000, 0x00000000c3400000, 0x00000000c3500000|  0%| F|  |TAMS 0x00000000c3400000, 0x00000000c3400000| Untracked 
|  31|0x00000000c3500000, 0x00000000c3500000, 0x00000000c3600000|  0%| F|  |TAMS 0x00000000c3500000, 0x00000000c3500000| Untracked 
|  32|0x00000000c3600000, 0x00000000c3600000, 0x00000000c3700000|  0%| F|  |TAMS 0x00000000c3600000, 0x00000000c3600000| Untracked 
|  33|0x00000000c3700000, 0x00000000c3700000, 0x00000000c3800000|  0%| F|  |TAMS 0x00000000c3700000, 0x00000000c3700000| Untracked 
|  34|0x00000000c3800000, 0x00000000c3800000, 0x00000000c3900000|  0%| F|  |TAMS 0x00000000c3800000, 0x00000000c3800000| Untracked 
|  35|0x00000000c3900000, 0x00000000c3900000, 0x00000000c3a00000|  0%| F|  |TAMS 0x00000000c3900000, 0x00000000c3900000| Untracked 
|  36|0x00000000c3a00000, 0x00000000c3a00000, 0x00000000c3b00000|  0%| F|  |TAMS 0x00000000c3a00000, 0x00000000c3a00000| Untracked 
|  37|0x00000000c3b00000, 0x00000000c3b00000, 0x00000000c3c00000|  0%| F|  |TAMS 0x00000000c3b00000, 0x00000000c3b00000| Untracked 
|  38|0x00000000c3c00000, 0x00000000c3c00000, 0x00000000c3d00000|  0%| F|  |TAMS 0x00000000c3c00000, 0x00000000c3c00000| Untracked 
|  39|0x00000000c3d00000, 0x00000000c3d00000, 0x00000000c3e00000|  0%| F|  |TAMS 0x00000000c3d00000, 0x00000000c3d00000| Untracked 
|  40|0x00000000c3e00000, 0x00000000c3e00000, 0x00000000c3f00000|  0%| F|  |TAMS 0x00000000c3e00000, 0x00000000c3e00000| Untracked 
|  41|0x00000000c3f00000, 0x00000000c3f00000, 0x00000000c4000000|  0%| F|  |TAMS 0x00000000c3f00000, 0x00000000c3f00000| Untracked 
|  42|0x00000000c4000000, 0x00000000c4000000, 0x00000000c4100000|  0%| F|  |TAMS 0x00000000c4000000, 0x00000000c4000000| Untracked 
|  43|0x00000000c4100000, 0x00000000c4100000, 0x00000000c4200000|  0%| F|  |TAMS 0x00000000c4100000, 0x00000000c4100000| Untracked 
|  44|0x00000000c4200000, 0x00000000c4200000, 0x00000000c4300000|  0%| F|  |TAMS 0x00000000c4200000, 0x00000000c4200000| Untracked 
|  45|0x00000000c4300000, 0x00000000c4300000, 0x00000000c4400000|  0%| F|  |TAMS 0x00000000c4300000, 0x00000000c4300000| Untracked 
|  46|0x00000000c4400000, 0x00000000c4400000, 0x00000000c4500000|  0%| F|  |TAMS 0x00000000c4400000, 0x00000000c4400000| Untracked 
|  47|0x00000000c4500000, 0x00000000c4500000, 0x00000000c4600000|  0%| F|  |TAMS 0x00000000c4500000, 0x00000000c4500000| Untracked 
|  48|0x00000000c4600000, 0x00000000c4600000, 0x00000000c4700000|  0%| F|  |TAMS 0x00000000c4600000, 0x00000000c4600000| Untracked 
|  49|0x00000000c4700000, 0x00000000c4700000, 0x00000000c4800000|  0%| F|  |TAMS 0x00000000c4700000, 0x00000000c4700000| Untracked 
|  50|0x00000000c4800000, 0x00000000c4800000, 0x00000000c4900000|  0%| F|  |TAMS 0x00000000c4800000, 0x00000000c4800000| Untracked 
|  51|0x00000000c4900000, 0x00000000c4900000, 0x00000000c4a00000|  0%| F|  |TAMS 0x00000000c4900000, 0x00000000c4900000| Untracked 
|  52|0x00000000c4a00000, 0x00000000c4a00000, 0x00000000c4b00000|  0%| F|  |TAMS 0x00000000c4a00000, 0x00000000c4a00000| Untracked 
|  53|0x00000000c4b00000, 0x00000000c4b00000, 0x00000000c4c00000|  0%| F|  |TAMS 0x00000000c4b00000, 0x00000000c4b00000| Untracked 
|  54|0x00000000c4c00000, 0x00000000c4c00000, 0x00000000c4d00000|  0%| F|  |TAMS 0x00000000c4c00000, 0x00000000c4c00000| Untracked 
|  55|0x00000000c4d00000, 0x00000000c4d00000, 0x00000000c4e00000|  0%| F|  |TAMS 0x00000000c4d00000, 0x00000000c4d00000| Untracked 
|  56|0x00000000c4e00000, 0x00000000c4e00000, 0x00000000c4f00000|  0%| F|  |TAMS 0x00000000c4e00000, 0x00000000c4e00000| Untracked 
|  57|0x00000000c4f00000, 0x00000000c4f00000, 0x00000000c5000000|  0%| F|  |TAMS 0x00000000c4f00000, 0x00000000c4f00000| Untracked 
|  58|0x00000000c5000000, 0x00000000c5000000, 0x00000000c5100000|  0%| F|  |TAMS 0x00000000c5000000, 0x00000000c5000000| Untracked 
|  59|0x00000000c5100000, 0x00000000c5100000, 0x00000000c5200000|  0%| F|  |TAMS 0x00000000c5100000, 0x00000000c5100000| Untracked 
|  60|0x00000000c5200000, 0x00000000c5200000, 0x00000000c5300000|  0%| F|  |TAMS 0x00000000c5200000, 0x00000000c5200000| Untracked 
|  61|0x00000000c5300000, 0x00000000c5300000, 0x00000000c5400000|  0%| F|  |TAMS 0x00000000c5300000, 0x00000000c5300000| Untracked 
|  62|0x00000000c5400000, 0x00000000c549b7d8, 0x00000000c5500000| 60%| E|  |TAMS 0x00000000c5400000, 0x00000000c5400000| Complete 
|  63|0x00000000c5500000, 0x00000000c5600000, 0x00000000c5600000|100%| E|CS|TAMS 0x00000000c5500000, 0x00000000c5500000| Complete 

Card table byte_map: [0x000002e53a340000,0x000002e53a540000] _byte_map_base: 0x000002e539d35000

Marking Bits (Prev, Next): (CMBitMap*) 0x000002e521a73590, (CMBitMap*) 0x000002e521a735d0
 Prev Bits: [0x000002e53a740000, 0x000002e53b6e8000)
 Next Bits: [0x000002e53b6f0000, 0x000002e53c698000)

Polling page: 0x000002e521b10000

Metaspace:

Usage:
  Non-class:    756.08 KB used.
      Class:     78.91 KB used.
       Both:    834.99 KB used.

Virtual space:
  Non-class space:        8.00 MB reserved,     768.00 KB (  9%) committed,  1 nodes.
      Class space:        1.00 GB reserved,     128.00 KB ( <1%) committed,  1 nodes.
             Both:        1.01 GB reserved,     896.00 KB ( <1%) committed. 

Chunk freelists:
   Non-Class:  3.88 MB
       Class:  3.73 MB
        Both:  7.60 MB

MaxMetaspaceSize: unlimited
CompressedClassSpaceSize: 1.00 GB
Initial GC threshold: 21.00 MB
Current GC threshold: 21.00 MB
CDS: on
MetaspaceReclaimPolicy: balanced
 - commit_granule_bytes: 65536.
 - commit_granule_words: 8192.
 - virtual_space_node_default_size: 1048576.
 - enlarge_chunks_in_place: 1.
 - new_chunks_are_fully_committed: 0.
 - uncommit_free_chunks: 1.
 - use_allocation_guard: 0.
 - handle_deallocations: 1.


Internal statistics:

num_allocs_failed_limit: 0.
num_arena_births: 6.
num_arena_deaths: 0.
num_vsnodes_births: 2.
num_vsnodes_deaths: 0.
num_space_committed: 14.
num_space_uncommitted: 0.
num_chunks_returned_to_freelist: 0.
num_chunks_taken_from_freelist: 18.
num_chunk_merges: 0.
num_chunk_splits: 8.
num_chunks_enlarged: 8.
num_purges: 0.
num_inconsistent_stats: 0.

CodeHeap 'non-profiled nmethods': size=120064Kb used=42Kb max_used=42Kb free=120022Kb
 bounds [0x000002e5327f0000, 0x000002e532a60000, 0x000002e539d30000]
CodeHeap 'profiled nmethods': size=120000Kb used=208Kb max_used=208Kb free=119791Kb
 bounds [0x000002e52ad30000, 0x000002e52afa0000, 0x000002e532260000]
CodeHeap 'non-nmethods': size=5696Kb used=1102Kb max_used=1115Kb free=4593Kb
 bounds [0x000002e532260000, 0x000002e5324d0000, 0x000002e5327f0000]
 total_blobs=557 nmethods=176 adapters=295
 compilation: enabled
              stopped_count=0, restarted_count=0
 full_count=0

Compilation events (20 events):
Event: 2.245 Thread 0x000002e53ea725e0 nmethod 167 0x000002e52ad61b10 code [0x000002e52ad61ce0, 0x000002e52ad61fb8]
Event: 2.247 Thread 0x000002e53ea725e0  168       1       java.util.zip.ZipCoder$UTF8ZipCoder::isUTF8 (2 bytes)
Event: 2.247 Thread 0x000002e53ea725e0 nmethod 168 0x000002e5327f9f10 code [0x000002e5327fa0a0, 0x000002e5327fa178]
Event: 2.250 Thread 0x000002e53ea725e0  169       3       java.lang.AbstractStringBuilder::<init> (39 bytes)
Event: 2.251 Thread 0x000002e53ea725e0 nmethod 169 0x000002e52ad62110 code [0x000002e52ad622c0, 0x000002e52ad62558]
Event: 2.251 Thread 0x000002e53ea725e0  170       3       java.net.URI::hash (33 bytes)
Event: 2.252 Thread 0x000002e53ea725e0 nmethod 170 0x000002e52ad62610 code [0x000002e52ad62800, 0x000002e52ad62c98]
Event: 2.252 Thread 0x000002e53ea725e0  171       3       java.lang.StringBuilder::toString (35 bytes)
Event: 2.253 Thread 0x000002e53ea725e0 nmethod 171 0x000002e52ad62e90 code [0x000002e52ad63060, 0x000002e52ad63338]
Event: 2.253 Thread 0x000002e53ea725e0  172       1       java.security.ProtectionDomain::getCodeSource (5 bytes)
Event: 2.253 Thread 0x000002e53ea725e0 nmethod 172 0x000002e5327fa210 code [0x000002e5327fa3a0, 0x000002e5327fa478]
Event: 2.265 Thread 0x000002e53ea725e0  173       3       java.lang.StringBuilder::<init> (7 bytes)
Event: 2.266 Thread 0x000002e53ea725e0 nmethod 173 0x000002e52ad63410 code [0x000002e52ad635a0, 0x000002e52ad636e8]
Event: 2.269 Thread 0x000002e53ea725e0  174       3       java.util.Arrays::copyOf (19 bytes)
Event: 2.269 Thread 0x000002e53ea725e0 nmethod 174 0x000002e52ad63790 code [0x000002e52ad63940, 0x000002e52ad63c28]
Event: 2.274 Thread 0x000002e521b06b50  175       4       java.lang.String::length (11 bytes)
Event: 2.275 Thread 0x000002e53ea725e0  176       3       java.lang.Character::charCount (12 bytes)
Event: 2.275 Thread 0x000002e53ea725e0 nmethod 176 0x000002e52ad63d90 code [0x000002e52ad63f20, 0x000002e52ad64098]
Event: 2.276 Thread 0x000002e521b06b50 nmethod 175 0x000002e5327fa510 code [0x000002e5327fa680, 0x000002e5327fa718]
Event: 2.287 Thread 0x000002e53ea725e0  177       3       java.util.zip.ZipCoder$UTF8ZipCoder::checkedHash (91 bytes)

GC Heap History (0 events):
No events

Dll operation events (6 events):
Event: 0.038 Loaded shared library C:\Program Files\Amazon Corretto\jdk17.0.6_10\bin\java.dll
Event: 0.215 Loaded shared library C:\Program Files\Amazon Corretto\jdk17.0.6_10\bin\jsvml.dll
Event: 1.389 Loaded shared library C:\Program Files\Amazon Corretto\jdk17.0.6_10\bin\net.dll
Event: 1.399 Loaded shared library C:\Program Files\Amazon Corretto\jdk17.0.6_10\bin\nio.dll
Event: 1.427 Loaded shared library C:\Program Files\Amazon Corretto\jdk17.0.6_10\bin\zip.dll
Event: 1.758 Loaded shared library C:\Program Files\Amazon Corretto\jdk17.0.6_10\bin\jimage.dll

Deoptimization events (0 events):
No events

Classes unloaded (0 events):
No events

Classes redefined (0 events):
No events

Internal exceptions (3 events):
Event: 2.174 Thread 0x000002e521a39dc0 Exception <a 'sun/nio/fs/WindowsException'{0x00000000c545d2e8}> (0x00000000c545d2e8) 
thrown [s\src\hotspot\share\prims\jni.cpp, line 516]
Event: 2.177 Thread 0x000002e521a39dc0 Exception <a 'sun/nio/fs/WindowsException'{0x00000000c545db90}> (0x00000000c545db90) 
thrown [s\src\hotspot\share\prims\jni.cpp, line 516]
Event: 2.259 Thread 0x000002e521a39dc0 Exception <a 'sun/nio/fs/WindowsException'{0x00000000c5486838}> (0x00000000c5486838) 
thrown [s\src\hotspot\share\prims\jni.cpp, line 516]

VM Operations (4 events):
Event: 1.232 Executing VM operation: Cleanup
Event: 1.394 Executing VM operation: Cleanup done
Event: 1.431 Executing VM operation: HandshakeAllThreads
Event: 1.432 Executing VM operation: HandshakeAllThreads done

Events (20 events):
Event: 2.263 loading class java/nio/file/DirectoryStream$Filter done
Event: 2.263 loading class java/nio/file/Files$AcceptAllFilter done
Event: 2.264 loading class sun/nio/fs/WindowsDirectoryStream$WindowsDirectoryIterator
Event: 2.265 loading class sun/nio/fs/WindowsDirectoryStream$WindowsDirectoryIterator done
Event: 2.266 loading class sun/nio/fs/WindowsPath$WindowsPathWithAttributes
Event: 2.266 loading class sun/nio/fs/BasicFileAttributesHolder
Event: 2.267 loading class sun/nio/fs/BasicFileAttributesHolder done
Event: 2.267 loading class sun/nio/fs/WindowsPath$WindowsPathWithAttributes done
Event: 2.272 loading class sun/nio/fs/Globs
Event: 2.273 loading class sun/nio/fs/Globs done
Event: 2.275 loading class java/util/regex/Pattern$SliceU
Event: 2.276 loading class java/util/regex/Pattern$SliceU done
Event: 2.276 loading class sun/nio/fs/WindowsFileSystem$2
Event: 2.277 loading class java/nio/file/PathMatcher
Event: 2.277 loading class java/nio/file/PathMatcher done
Event: 2.277 loading class sun/nio/fs/WindowsFileSystem$2 done
Event: 2.277 loading class java/nio/file/Files$1
Event: 2.277 loading class java/nio/file/Files$1 done
Event: 2.282 loading class java/net/URLClassLoader$1
Event: 2.283 loading class java/net/URLClassLoader$1 done


Dynamic libraries:
0x00007ff664bc0000 - 0x00007ff664bcd000 	C:\Program Files\Amazon Corretto\jdk17.0.6_10\bin\java.exe
0x00007ffb361f0000 - 0x00007ffb363e8000 	C:\WINDOWS\SYSTEM32\ntdll.dll
0x00007ffb360f0000 - 0x00007ffb361af000 	C:\WINDOWS\System32\KERNEL32.DLL
0x00007ffb33b50000 - 0x00007ffb33e2a000 	C:\WINDOWS\System32\KERNELBASE.dll
0x00007ffb34150000 - 0x00007ffb34250000 	C:\WINDOWS\System32\ucrtbase.dll
0x00007ffb1b8b0000 - 0x00007ffb1b8c7000 	C:\Program Files\Amazon Corretto\jdk17.0.6_10\bin\jli.dll
0x00007ffb34ce0000 - 0x00007ffb34e7d000 	C:\WINDOWS\System32\USER32.dll
0x00007ffb33900000 - 0x00007ffb33922000 	C:\WINDOWS\System32\win32u.dll
0x00007ffb354c0000 - 0x00007ffb354eb000 	C:\WINDOWS\System32\GDI32.dll
0x00007ffb33a40000 - 0x00007ffb33b50000 	C:\WINDOWS\System32\gdi32full.dll
0x00007ffb33f90000 - 0x00007ffb3402d000 	C:\WINDOWS\System32\msvcp_win.dll
0x00007ffb21d20000 - 0x00007ffb21fba000 	C:\WINDOWS\WinSxS\amd64_microsoft.windows.common-controls_6595b64144ccf1df_6.0.19041.1110_none_60b5254171f9507e\COMCTL32.dll
0x00007ffb34500000 - 0x00007ffb3459e000 	C:\WINDOWS\System32\msvcrt.dll
0x00007ffb2e870000 - 0x00007ffb2e885000 	C:\Program Files\Amazon Corretto\jdk17.0.6_10\bin\VCRUNTIME140.dll
0x00007ffb343f0000 - 0x00007ffb34420000 	C:\WINDOWS\System32\IMM32.DLL
0x00007ffb13570000 - 0x00007ffb1360b000 	C:\Program Files\Amazon Corretto\jdk17.0.6_10\bin\msvcp140.dll
0x00007ffac9b70000 - 0x00007ffaca788000 	C:\Program Files\Amazon Corretto\jdk17.0.6_10\bin\server\jvm.dll
0x00007ffb35400000 - 0x00007ffb354ae000 	C:\WINDOWS\System32\ADVAPI32.dll
0x00007ffb35160000 - 0x00007ffb351fc000 	C:\WINDOWS\System32\sechost.dll
0x00007ffb354f0000 - 0x00007ffb35616000 	C:\WINDOWS\System32\RPCRT4.dll
0x00007ffb32030000 - 0x00007ffb32039000 	C:\WINDOWS\SYSTEM32\WSOCK32.dll
0x00007ffb34ee0000 - 0x00007ffb34f4b000 	C:\WINDOWS\System32\WS2_32.dll
0x00007ffb1f8b0000 - 0x00007ffb1f8d7000 	C:\WINDOWS\SYSTEM32\WINMM.dll
0x00007ffb23a50000 - 0x00007ffb23a5a000 	C:\WINDOWS\SYSTEM32\VERSION.dll
0x00007ffb32380000 - 0x00007ffb32392000 	C:\WINDOWS\SYSTEM32\kernel.appcore.dll
0x00007ffb30b20000 - 0x00007ffb30b2a000 	C:\Program Files\Amazon Corretto\jdk17.0.6_10\bin\jimage.dll
0x00007ffb31df0000 - 0x00007ffb31fd4000 	C:\WINDOWS\SYSTEM32\DBGHELP.DLL
0x00007ffb1dd80000 - 0x00007ffb1ddb4000 	C:\WINDOWS\SYSTEM32\dbgcore.DLL
0x00007ffb339b0000 - 0x00007ffb33a32000 	C:\WINDOWS\System32\bcryptPrimitives.dll
0x00007ffb1b900000 - 0x00007ffb1b925000 	C:\Program Files\Amazon Corretto\jdk17.0.6_10\bin\java.dll
0x00007ffb09d50000 - 0x00007ffb09e26000 	C:\Program Files\Amazon Corretto\jdk17.0.6_10\bin\jsvml.dll
0x00007ffb35640000 - 0x00007ffb35d84000 	C:\WINDOWS\System32\SHELL32.dll
0x00007ffb31640000 - 0x00007ffb31dd3000 	C:\WINDOWS\SYSTEM32\windows.storage.dll
0x00007ffb35d90000 - 0x00007ffb360e4000 	C:\WINDOWS\System32\combase.dll
0x00007ffb331a0000 - 0x00007ffb331ce000 	C:\WINDOWS\SYSTEM32\Wldp.dll
0x00007ffb345a0000 - 0x00007ffb3464d000 	C:\WINDOWS\System32\SHCORE.dll
0x00007ffb35100000 - 0x00007ffb35155000 	C:\WINDOWS\System32\shlwapi.dll
0x00007ffb33840000 - 0x00007ffb3385f000 	C:\WINDOWS\SYSTEM32\profapi.dll
0x00007ffb1ba20000 - 0x00007ffb1ba39000 	C:\Program Files\Amazon Corretto\jdk17.0.6_10\bin\net.dll
0x00007ffb275f0000 - 0x00007ffb276fa000 	C:\WINDOWS\SYSTEM32\WINHTTP.dll
0x00007ffb32f80000 - 0x00007ffb32fea000 	C:\WINDOWS\system32\mswsock.dll
0x00007ffb1b8e0000 - 0x00007ffb1b8f5000 	C:\Program Files\Amazon Corretto\jdk17.0.6_10\bin\nio.dll
0x00007ffb1b870000 - 0x00007ffb1b888000 	C:\Program Files\Amazon Corretto\jdk17.0.6_10\bin\zip.dll

dbghelp: loaded successfully - version: 4.0.5 - missing functions: none
symbol engine: initialized successfully - sym options: 0x614 - pdb path: .;C:\Program Files\Amazon Corretto\jdk17.0.6_10\bin;C:\WINDOWS\SYSTEM32;C:\WINDOWS\WinSxS\amd64_microsoft.windows.common-controls_6595b64144ccf1df_6.0.19041.1110_none_60b5254171f9507e;C:\Program Files\Amazon Corretto\jdk17.0.6_10\bin\server

VM Arguments:
jvm_args: -Dmaven.multiModuleProjectDirectory=D:\usuarios\alumno\Proyecto Final\ProyectoFinalRamosMaria\ProyectoFinalRamosMaria\BackEnd 
java_command: org.apache.maven.wrapper.MavenWrapperMain -Dmaven.ext.class.path=C:\Program Files\NetBeans-17\netbeans\java\maven-nblib\netbeans-eventspy.jar -Dfile.encoding=UTF-8 --no-transfer-progress clean install
java_class_path (initial): D:\usuarios\alumno\Proyecto Final\ProyectoFinalRamosMaria\ProyectoFinalRamosMaria\BackEnd\.mvn\wrapper\maven-wrapper.jar
Launcher Type: SUN_STANDARD

[Global flags]
     intx CICompilerCount                          = 2                                         {product} {ergonomic}
     uint ConcGCThreads                            = 1                                         {product} {ergonomic}
     uint G1ConcRefinementThreads                  = 2                                         {product} {ergonomic}
   size_t G1HeapRegionSize                         = 1048576                                   {product} {ergonomic}
    uintx GCDrainStackTargetSize                   = 64                                        {product} {ergonomic}
   size_t InitialHeapSize                          = 67108864                                  {product} {ergonomic}
   size_t MarkStackSize                            = 4194304                                   {product} {ergonomic}
   size_t MaxHeapSize                              = 1050673152                                {product} {ergonomic}
   size_t MaxNewSize                               = 630194176                                 {product} {ergonomic}
   size_t MinHeapDeltaBytes                        = 1048576                                   {product} {ergonomic}
   size_t MinHeapSize                              = 8388608                                   {product} {ergonomic}
    uintx NonNMethodCodeHeapSize                   = 5826188                                {pd product} {ergonomic}
    uintx NonProfiledCodeHeapSize                  = 122916026                              {pd product} {ergonomic}
    uintx ProfiledCodeHeapSize                     = 122916026                              {pd product} {ergonomic}
    uintx ReservedCodeCacheSize                    = 251658240                              {pd product} {ergonomic}
     bool SegmentedCodeCache                       = true                                      {product} {ergonomic}
   size_t SoftMaxHeapSize                          = 1050673152                             {manageable} {ergonomic}
     bool UseCompressedClassPointers               = true                           {product lp64_product} {ergonomic}
     bool UseCompressedOops                        = true                           {product lp64_product} {ergonomic}
     bool UseG1GC                                  = true                                      {product} {ergonomic}
     bool UseLargePagesIndividualAllocation        = false                                  {pd product} {ergonomic}

Logging:
Log output configuration:
 #0: stdout all=warning uptime,level,tags
 #1: stderr all=off uptime,level,tags

Environment Variables:
JAVA_HOME=C:\Program Files\Amazon Corretto\jdk17.0.6_10
PATH=C:\Program Files\Amazon Corretto\jdk17.0.6_10\bin;C:\Program Files (x86)\Common Files\Oracle\Java\javapath;C:\Program Files\Amazon Corretto\jdk11.0.18_10\bin;C:\ProgramData\Oracle\Java\javapath;C:\Program Files (x86)\Intel\TXE Components\TCS\;C:\Program Files\Intel\TXE Components\TCS\;C:\WINDOWS\system32;C:\WINDOWS;C:\WINDOWS\System32\Wbem;C:\WINDOWS\System32\WindowsPowerShell\v1.0\;C:\Program Files\Intel\TXE Components\DAL\;C:\Program Files (x86)\Intel\TXE Components\DAL\;C:\Program Files\Intel\TXE Components\IPT\;C:\Program Files (x86)\Intel\TXE Components\IPT\;C:\Program Files\Intel\WiFi\bin\;C:\Program Files\Common Files\Intel\WirelessCommon\;C:\Program Files (x86)\Common Files\Intel Education\Application Support;C:\Program Files\Common Files\Intel Education\Application Support;C:\Program Files (x86)\Avogadro\bin;C:\WINDOWS\System32\OpenSSH\;C:\Program Files\Git\cmd;C:\Program Files\nodejs\;C:\Program Files\Docker\Docker\resources\bin;C:\Users\Alumno\AppData\Local\Programs\Python\Python36\Scripts\;C:\Users\Alumno\AppData\Local\Programs\Python\Python36\;C:\Users\Alumno\AppData\Local\Microsoft\WindowsApps;C:\Users\Alumno\AppData\Local\Programs\Microsoft VS Code\bin;C:\Users\Alumno\AppData\Local\GitHubDesktop\bin;C:\Users\Alumno\AppData\Roaming\npm
USERNAME=Alumno
OS=Windows_NT
PROCESSOR_IDENTIFIER=Intel64 Family 6 Model 76 Stepping 4, GenuineIntel
TMP=C:\Users\Alumno\AppData\Local\Temp
TEMP=C:\Users\Alumno\AppData\Local\Temp



---------------  S Y S T E M  ---------------

OS:
 Windows 10 , 64 bit Build 19041 (10.0.19041.2788)
OS uptime: 0 days 2:31 hours
Hyper-V role detected

CPU: total 2 (initial active 2) (2 cores per cpu, 1 threads per core) family 6 model 76 stepping 4 microcode 0x411, cx8, cmov, fxsr, mmx, 3dnowpref, sse, sse2, sse3, ssse3, sse4.1, sse4.2, popcnt, tsc, tscinvbit, aes, erms, clmul, clflush, hv

Memory: 4k page, system-wide physical 4000M (434M free)
TotalPageFile size 8450M (AvailPageFile size 2M)
current process WorkingSet (physical memory assigned to process): 31M, peak: 31M
current process commit charge ("private bytes"): 130M, peak: 130M

vm_info: OpenJDK 64-Bit Server VM (17.0.6+10-LTS) for windows-amd64 JRE (17.0.6+10-LTS), built on Jan 13 2023 22:57:04 by "Administrator" with MS VC++ 15.9 (VS2017)

END.
